0 info it worked if it ends with ok
1 verbose cli [ '/usr/bin/node',
1 verbose cli   '/usr/bin/npm',
1 verbose cli   '-g',
1 verbose cli   'install',
1 verbose cli   'electron-prebuilt' ]
2 info using npm@1.4.28
3 info using node@v0.10.37
4 verbose node symlink /usr/bin/node
5 verbose cache add [ 'electron-prebuilt', null ]
6 verbose cache add name=undefined spec="electron-prebuilt" args=["electron-prebuilt",null]
7 verbose parsed url { protocol: null,
7 verbose parsed url   slashes: null,
7 verbose parsed url   auth: null,
7 verbose parsed url   host: null,
7 verbose parsed url   port: null,
7 verbose parsed url   hostname: null,
7 verbose parsed url   hash: null,
7 verbose parsed url   search: null,
7 verbose parsed url   query: null,
7 verbose parsed url   pathname: 'electron-prebuilt',
7 verbose parsed url   path: 'electron-prebuilt',
7 verbose parsed url   href: 'electron-prebuilt' }
8 silly lockFile 37f7be3f-electron-prebuilt electron-prebuilt
9 verbose lock electron-prebuilt /home/misaki/.npm/37f7be3f-electron-prebuilt.lock
10 silly lockFile 37f7be3f-electron-prebuilt electron-prebuilt
11 silly lockFile 37f7be3f-electron-prebuilt electron-prebuilt
12 verbose addNamed [ 'electron-prebuilt', '' ]
13 verbose addNamed [ null, '*' ]
14 silly lockFile 092fe7a3-electron-prebuilt electron-prebuilt@
15 verbose lock electron-prebuilt@ /home/misaki/.npm/092fe7a3-electron-prebuilt.lock
16 silly addNameRange { name: 'electron-prebuilt', range: '*', hasData: false }
17 verbose request where is /electron-prebuilt
18 verbose request registry https://registry.npmjs.org/
19 verbose request id 6dfb042bffb02278
20 verbose url raw /electron-prebuilt
21 verbose url resolving [ 'https://registry.npmjs.org/', './electron-prebuilt' ]
22 verbose url resolved https://registry.npmjs.org/electron-prebuilt
23 verbose request where is https://registry.npmjs.org/electron-prebuilt
24 info trying registry request attempt 1 at 23:42:44
25 http GET https://registry.npmjs.org/electron-prebuilt
26 http 200 https://registry.npmjs.org/electron-prebuilt
27 silly registry.get cb [ 200,
27 silly registry.get   { server: 'CouchDB/1.5.0 (Erlang OTP/R16B03)',
27 silly registry.get     etag: '"EWKKKHI0U9RH4LY061R5S0SK2"',
27 silly registry.get     'content-type': 'application/json',
27 silly registry.get     'cache-control': 'max-age=60',
27 silly registry.get     'content-length': '41423',
27 silly registry.get     'accept-ranges': 'bytes',
27 silly registry.get     date: 'Mon, 17 Aug 2015 14:42:44 GMT',
27 silly registry.get     via: '1.1 varnish',
27 silly registry.get     age: '0',
27 silly registry.get     connection: 'keep-alive',
27 silly registry.get     'x-served-by': 'cache-nrt6129-NRT',
27 silly registry.get     'x-cache': 'HIT',
27 silly registry.get     'x-cache-hits': '1',
27 silly registry.get     'x-timer': 'S1439822564.271308,VS0,VE129',
27 silly registry.get     vary: 'Accept' } ]
28 silly addNameRange number 2 { name: 'electron-prebuilt', range: '*', hasData: true }
29 silly addNameRange versions [ 'electron-prebuilt',
29 silly addNameRange   [ '0.24.0',
29 silly addNameRange     '0.25.0',
29 silly addNameRange     '0.25.1',
29 silly addNameRange     '0.25.1-1',
29 silly addNameRange     '0.25.2',
29 silly addNameRange     '0.25.2-1',
29 silly addNameRange     '0.25.3',
29 silly addNameRange     '0.25.3-1',
29 silly addNameRange     '0.25.3-2',
29 silly addNameRange     '0.26.0',
29 silly addNameRange     '0.26.1',
29 silly addNameRange     '0.27.0',
29 silly addNameRange     '0.27.1',
29 silly addNameRange     '0.27.2',
29 silly addNameRange     '0.27.3',
29 silly addNameRange     '0.28.0',
29 silly addNameRange     '0.28.1',
29 silly addNameRange     '0.28.2',
29 silly addNameRange     '0.28.3',
29 silly addNameRange     '0.29.0',
29 silly addNameRange     '0.29.1',
29 silly addNameRange     '0.29.2',
29 silly addNameRange     '0.30.0',
29 silly addNameRange     '0.30.1',
29 silly addNameRange     '0.30.2',
29 silly addNameRange     '0.30.3',
29 silly addNameRange     '0.30.4' ] ]
30 verbose addNamed [ 'electron-prebuilt', '0.30.4' ]
31 verbose addNamed [ '0.30.4', '0.30.4' ]
32 silly lockFile 2bd9e138-electron-prebuilt-0-30-4 electron-prebuilt@0.30.4
33 verbose lock electron-prebuilt@0.30.4 /home/misaki/.npm/2bd9e138-electron-prebuilt-0-30-4.lock
34 silly lockFile a813f11e-ilt-electron-prebuilt-0-30-4-tgz https://registry.npmjs.org/electron-prebuilt/-/electron-prebuilt-0.30.4.tgz
35 verbose lock https://registry.npmjs.org/electron-prebuilt/-/electron-prebuilt-0.30.4.tgz /home/misaki/.npm/a813f11e-ilt-electron-prebuilt-0-30-4-tgz.lock
36 verbose addRemoteTarball [ 'https://registry.npmjs.org/electron-prebuilt/-/electron-prebuilt-0.30.4.tgz',
36 verbose addRemoteTarball   'aef92ac75d5786ff6f7e75c756185dfd33a7cadf' ]
37 info retry fetch attempt 1 at 23:42:44
38 verbose fetch to= /tmp/npm-16341-EhYmgLgH/registry.npmjs.org/electron-prebuilt/-/electron-prebuilt-0.30.4.tgz
39 http GET https://registry.npmjs.org/electron-prebuilt/-/electron-prebuilt-0.30.4.tgz
40 http 200 https://registry.npmjs.org/electron-prebuilt/-/electron-prebuilt-0.30.4.tgz
41 silly lockFile a813f11e-ilt-electron-prebuilt-0-30-4-tgz https://registry.npmjs.org/electron-prebuilt/-/electron-prebuilt-0.30.4.tgz
42 silly lockFile a813f11e-ilt-electron-prebuilt-0-30-4-tgz https://registry.npmjs.org/electron-prebuilt/-/electron-prebuilt-0.30.4.tgz
43 silly lockFile 2bd9e138-electron-prebuilt-0-30-4 electron-prebuilt@0.30.4
44 silly lockFile 2bd9e138-electron-prebuilt-0-30-4 electron-prebuilt@0.30.4
45 silly lockFile 092fe7a3-electron-prebuilt electron-prebuilt@
46 silly lockFile 092fe7a3-electron-prebuilt electron-prebuilt@
47 silly resolved [ { name: 'electron-prebuilt',
47 silly resolved     version: '0.30.4',
47 silly resolved     description: 'Install electron (formerly called atom-shell) prebuilts using npm',
47 silly resolved     repository:
47 silly resolved      { type: 'git',
47 silly resolved        url: 'git+https://github.com/mafintosh/electron-prebuilt.git' },
47 silly resolved     scripts:
47 silly resolved      { 'cache-clean': 'rm -rf ~/.electron && rm -rf dist',
47 silly resolved        postinstall: 'node install.js',
47 silly resolved        pretest: 'npm run cache-clean && node install.js',
47 silly resolved        test: 'tape test/*.js' },
47 silly resolved     bin: { electron: 'cli.js' },
47 silly resolved     main: 'index.js',
47 silly resolved     dependencies: { 'extract-zip': '^1.0.3', 'electron-download': '^1.0.0' },
47 silly resolved     devDependencies:
47 silly resolved      { 'home-path': '^0.1.1',
47 silly resolved        'path-exists': '^1.0.0',
47 silly resolved        tape: '^3.0.1' },
47 silly resolved     author: { name: 'Mathias Buus' },
47 silly resolved     license: 'MIT',
47 silly resolved     bugs: { url: 'https://github.com/mafintosh/electron-prebuilt/issues' },
47 silly resolved     homepage: 'https://github.com/mafintosh/electron-prebuilt',
47 silly resolved     _id: 'electron-prebuilt@0.30.4',
47 silly resolved     _shasum: 'aef92ac75d5786ff6f7e75c756185dfd33a7cadf',
47 silly resolved     _resolved: 'https://registry.npmjs.org/electron-prebuilt/-/electron-prebuilt-0.30.4.tgz',
47 silly resolved     _from: 'electron-prebuilt@',
47 silly resolved     _npmVersion: '2.11.2',
47 silly resolved     _nodeVersion: '2.2.1',
47 silly resolved     _npmUser: { name: 'maxogden', email: 'max@maxogden.com' },
47 silly resolved     maintainers: [ [Object], [Object], [Object], [Object] ],
47 silly resolved     dist:
47 silly resolved      { shasum: 'aef92ac75d5786ff6f7e75c756185dfd33a7cadf',
47 silly resolved        tarball: 'http://registry.npmjs.org/electron-prebuilt/-/electron-prebuilt-0.30.4.tgz' },
47 silly resolved     directories: {} } ]
48 info install electron-prebuilt@0.30.4 into /usr/lib
49 info installOne electron-prebuilt@0.30.4
50 verbose lib/node_modules/electron-prebuilt unbuild
51 verbose tar unpack /home/misaki/.npm/electron-prebuilt/0.30.4/package.tgz
52 silly lockFile d7e9c996-b-node-modules-electron-prebuilt tar:///usr/lib/node_modules/electron-prebuilt
53 verbose lock tar:///usr/lib/node_modules/electron-prebuilt /home/misaki/.npm/d7e9c996-b-node-modules-electron-prebuilt.lock
54 silly lockFile d1fe497a-tron-prebuilt-0-30-4-package-tgz tar:///home/misaki/.npm/electron-prebuilt/0.30.4/package.tgz
55 verbose lock tar:///home/misaki/.npm/electron-prebuilt/0.30.4/package.tgz /home/misaki/.npm/d1fe497a-tron-prebuilt-0-30-4-package-tgz.lock
56 silly gunzTarPerm modes [ '775', '664' ]
57 error Error: EACCES, mkdir '/usr/lib/node_modules/electron-prebuilt'
57 error  { [Error: EACCES, mkdir '/usr/lib/node_modules/electron-prebuilt']
57 error   errno: 3,
57 error   code: 'EACCES',
57 error   path: '/usr/lib/node_modules/electron-prebuilt',
57 error   fstream_type: 'Directory',
57 error   fstream_path: '/usr/lib/node_modules/electron-prebuilt',
57 error   fstream_class: 'DirWriter',
57 error   fstream_stack:
57 error    [ '/usr/lib/node_modules/npm/node_modules/fstream/lib/dir-writer.js:36:23',
57 error      '/usr/lib/node_modules/npm/node_modules/mkdirp/index.js:46:53',
57 error      'Object.oncomplete (fs.js:108:15)' ] }
58 error Please try running this command again as root/Administrator.
59 error System Linux 3.13.0-24-generic
60 error command "/usr/bin/node" "/usr/bin/npm" "-g" "install" "electron-prebuilt"
61 error cwd /home/misaki/vhosts/electron-app
62 error node -v v0.10.37
63 error npm -v 1.4.28
64 error path /usr/lib/node_modules/electron-prebuilt
65 error fstream_path /usr/lib/node_modules/electron-prebuilt
66 error fstream_type Directory
67 error fstream_class DirWriter
68 error code EACCES
69 error errno 3
70 error stack Error: EACCES, mkdir '/usr/lib/node_modules/electron-prebuilt'
71 error fstream_stack /usr/lib/node_modules/npm/node_modules/fstream/lib/dir-writer.js:36:23
71 error fstream_stack /usr/lib/node_modules/npm/node_modules/mkdirp/index.js:46:53
71 error fstream_stack Object.oncomplete (fs.js:108:15)
72 verbose exit [ 3, true ]
